* installing *source* package ‘pfr’ ...
** using staged installation
** libs
g++ -std=gnu++14 -I"/usr/share/R/include" -DNDEBUG -DDROPPINGTHISINRPACKAGE -I'/home/trb5me_admin/R/x86_64-pc-linux-gnu-library/4.2/Rcpp/include' -I'/home/trb5me_admin/R/x86_64-pc-linux-gnu-library/4.2/RcppEigen/include'    -fpic  -g -O2 -fdebug-prefix-map=/build/r-base-asoVQd/r-base-4.2.1=. -fstack-protector-strong -Wformat -Werror=format-security -Wdate-time -D_FORTIFY_SOURCE=2  -c RcppExports.cpp -o RcppExports.o
In file included from /home/trb5me_admin/R/x86_64-pc-linux-gnu-library/4.2/RcppEigen/include/Eigen/Core:397,
                 from /home/trb5me_admin/R/x86_64-pc-linux-gnu-library/4.2/RcppEigen/include/Eigen/Dense:1,
                 from /home/trb5me_admin/R/x86_64-pc-linux-gnu-library/4.2/RcppEigen/include/RcppEigenForward.h:30,
                 from /home/trb5me_admin/R/x86_64-pc-linux-gnu-library/4.2/RcppEigen/include/RcppEigen.h:25,
                 from RcppExports.cpp:4:
/home/trb5me_admin/R/x86_64-pc-linux-gnu-library/4.2/RcppEigen/include/Eigen/src/Core/arch/SSE/PacketMath.h:60:39: warning: ignoring attributes on template argument ‘__m128’ {aka ‘__vector(4) float’} [-Wignored-attributes]
   60 | template<> struct is_arithmetic<__m128>  { enum { value = true }; };
      |                                       ^
/home/trb5me_admin/R/x86_64-pc-linux-gnu-library/4.2/RcppEigen/include/Eigen/src/Core/arch/SSE/PacketMath.h:61:40: warning: ignoring attributes on template argument ‘__m128i’ {aka ‘__vector(2) long long int’} [-Wignored-attributes]
   61 | template<> struct is_arithmetic<__m128i> { enum { value = true }; };
      |                                        ^
/home/trb5me_admin/R/x86_64-pc-linux-gnu-library/4.2/RcppEigen/include/Eigen/src/Core/arch/SSE/PacketMath.h:62:40: warning: ignoring attributes on template argument ‘__m128d’ {aka ‘__vector(2) double’} [-Wignored-attributes]
   62 | template<> struct is_arithmetic<__m128d> { enum { value = true }; };
      |                                        ^
/home/trb5me_admin/R/x86_64-pc-linux-gnu-library/4.2/RcppEigen/include/Eigen/src/Core/arch/SSE/PacketMath.h:161:43: warning: ignoring attributes on template argument ‘Eigen::internal::Packet4f’ {aka ‘__vector(4) float’} [-Wignored-attributes]
  161 | template<> struct unpacket_traits<Packet4f> { typedef float  type; enum {size=4, alignment=Aligned16}; typedef Packet4f half; };
      |                                           ^
/home/trb5me_admin/R/x86_64-pc-linux-gnu-library/4.2/RcppEigen/include/Eigen/src/Core/arch/SSE/PacketMath.h:162:43: warning: ignoring attributes on template argument ‘Eigen::internal::Packet2d’ {aka ‘__vector(2) double’} [-Wignored-attributes]
  162 | template<> struct unpacket_traits<Packet2d> { typedef double type; enum {size=2, alignment=Aligned16}; typedef Packet2d half; };
      |                                           ^
/home/trb5me_admin/R/x86_64-pc-linux-gnu-library/4.2/RcppEigen/include/Eigen/src/Core/arch/SSE/PacketMath.h:163:43: warning: ignoring attributes on template argument ‘Eigen::internal::Packet4i’ {aka ‘__vector(2) long long int’} [-Wignored-attributes]
  163 | template<> struct unpacket_traits<Packet4i> { typedef int    type; enum {size=4, alignment=Aligned16}; typedef Packet4i half; };
      |                                           ^
/home/trb5me_admin/R/x86_64-pc-linux-gnu-library/4.2/RcppEigen/include/Eigen/src/Core/arch/SSE/PacketMath.h:718:35: warning: ignoring attributes on template argument ‘Eigen::internal::Packet4f’ {aka ‘__vector(4) float’} [-Wignored-attributes]
  718 | struct palign_impl<Offset,Packet4f>
      |                                   ^
/home/trb5me_admin/R/x86_64-pc-linux-gnu-library/4.2/RcppEigen/include/Eigen/src/Core/arch/SSE/PacketMath.h:741:35: warning: ignoring attributes on template argument ‘Eigen::internal::Packet4i’ {aka ‘__vector(2) long long int’} [-Wignored-attributes]
  741 | struct palign_impl<Offset,Packet4i>
      |                                   ^
/home/trb5me_admin/R/x86_64-pc-linux-gnu-library/4.2/RcppEigen/include/Eigen/src/Core/arch/SSE/PacketMath.h:764:35: warning: ignoring attributes on template argument ‘Eigen::internal::Packet2d’ {aka ‘__vector(2) double’} [-Wignored-attributes]
  764 | struct palign_impl<Offset,Packet2d>
      |                                   ^
/home/trb5me_admin/R/x86_64-pc-linux-gnu-library/4.2/RcppEigen/include/Eigen/src/Core/arch/SSE/PacketMath.h:778:34: warning: ignoring attributes on template argument ‘Eigen::internal::Packet4f’ {aka ‘__vector(4) float’} [-Wignored-attributes]
  778 | ptranspose(PacketBlock<Packet4f,4>& kernel) {
      |                                  ^
/home/trb5me_admin/R/x86_64-pc-linux-gnu-library/4.2/RcppEigen/include/Eigen/src/Core/arch/SSE/PacketMath.h:783:34: warning: ignoring attributes on template argument ‘Eigen::internal::Packet2d’ {aka ‘__vector(2) double’} [-Wignored-attributes]
  783 | ptranspose(PacketBlock<Packet2d,2>& kernel) {
      |                                  ^
/home/trb5me_admin/R/x86_64-pc-linux-gnu-library/4.2/RcppEigen/include/Eigen/src/Core/arch/SSE/PacketMath.h:790:34: warning: ignoring attributes on template argument ‘Eigen::internal::Packet4i’ {aka ‘__vector(2) long long int’} [-Wignored-attributes]
  790 | ptranspose(PacketBlock<Packet4i,4>& kernel) {
      |                                  ^
In file included from /home/trb5me_admin/R/x86_64-pc-linux-gnu-library/4.2/RcppEigen/include/Eigen/Core:377,
                 from /home/trb5me_admin/R/x86_64-pc-linux-gnu-library/4.2/RcppEigen/include/Eigen/Dense:1,
                 from /home/trb5me_admin/R/x86_64-pc-linux-gnu-library/4.2/RcppEigen/include/RcppEigenForward.h:30,
                 from /home/trb5me_admin/R/x86_64-pc-linux-gnu-library/4.2/RcppEigen/include/RcppEigen.h:25,
                 from RcppExports.cpp:4:
/home/trb5me_admin/R/x86_64-pc-linux-gnu-library/4.2/RcppEigen/include/Eigen/src/Core/arch/Default/ConjHelper.h:15:70: warning: ignoring attributes on template argument ‘Eigen::internal::Packet4f’ {aka ‘__vector(4) float’} [-Wignored-attributes]
   15 |   template<> struct conj_helper<PACKET_REAL, PACKET_CPLX, false,false> {                                          \
      |                                                                      ^
/home/trb5me_admin/R/x86_64-pc-linux-gnu-library/4.2/RcppEigen/include/Eigen/src/Core/arch/SSE/Complex.h:232:1: note: in expansion of macro ‘EIGEN_MAKE_CONJ_HELPER_CPLX_REAL’
  232 | EIGEN_MAKE_CONJ_HELPER_CPLX_REAL(Packet2cf,Packet4f)
      | ^~~~~~~~~~~~~~~~~~~~~~~~~~~~~~~~
/home/trb5me_admin/R/x86_64-pc-linux-gnu-library/4.2/RcppEigen/include/Eigen/src/Core/arch/Default/ConjHelper.h:22:70: warning: ignoring attributes on template argument ‘Eigen::internal::Packet4f’ {aka ‘__vector(4) float’} [-Wignored-attributes]
   22 |   template<> struct conj_helper<PACKET_CPLX, PACKET_REAL, false,false> {                                          \
      |                                                                      ^
/home/trb5me_admin/R/x86_64-pc-linux-gnu-library/4.2/RcppEigen/include/Eigen/src/Core/arch/SSE/Complex.h:232:1: note: in expansion of macro ‘EIGEN_MAKE_CONJ_HELPER_CPLX_REAL’
  232 | EIGEN_MAKE_CONJ_HELPER_CPLX_REAL(Packet2cf,Packet4f)
      | ^~~~~~~~~~~~~~~~~~~~~~~~~~~~~~~~
/home/trb5me_admin/R/x86_64-pc-linux-gnu-library/4.2/RcppEigen/include/Eigen/src/Core/arch/Default/ConjHelper.h:15:70: warning: ignoring attributes on template argument ‘Eigen::internal::Packet2d’ {aka ‘__vector(2) double’} [-Wignored-attributes]
   15 |   template<> struct conj_helper<PACKET_REAL, PACKET_CPLX, false,false> {                                          \
      |                                                                      ^
/home/trb5me_admin/R/x86_64-pc-linux-gnu-library/4.2/RcppEigen/include/Eigen/src/Core/arch/SSE/Complex.h:417:1: note: in expansion of macro ‘EIGEN_MAKE_CONJ_HELPER_CPLX_REAL’
  417 | EIGEN_MAKE_CONJ_HELPER_CPLX_REAL(Packet1cd,Packet2d)
      | ^~~~~~~~~~~~~~~~~~~~~~~~~~~~~~~~
/home/trb5me_admin/R/x86_64-pc-linux-gnu-library/4.2/RcppEigen/include/Eigen/src/Core/arch/Default/ConjHelper.h:22:70: warning: ignoring attributes on template argument ‘Eigen::internal::Packet2d’ {aka ‘__vector(2) double’} [-Wignored-attributes]
   22 |   template<> struct conj_helper<PACKET_CPLX, PACKET_REAL, false,false> {                                          \
      |                                                                      ^
/home/trb5me_admin/R/x86_64-pc-linux-gnu-library/4.2/RcppEigen/include/Eigen/src/Core/arch/SSE/Complex.h:417:1: note: in expansion of macro ‘EIGEN_MAKE_CONJ_HELPER_CPLX_REAL’
  417 | EIGEN_MAKE_CONJ_HELPER_CPLX_REAL(Packet1cd,Packet2d)
      | ^~~~~~~~~~~~~~~~~~~~~~~~~~~~~~~~
In file included from /home/trb5me_admin/R/x86_64-pc-linux-gnu-library/4.2/RcppEigen/include/Eigen/Core:370,
                 from /home/trb5me_admin/R/x86_64-pc-linux-gnu-library/4.2/RcppEigen/include/Eigen/Dense:1,
                 from /home/trb5me_admin/R/x86_64-pc-linux-gnu-library/4.2/RcppEigen/include/RcppEigenForward.h:30,
                 from /home/trb5me_admin/R/x86_64-pc-linux-gnu-library/4.2/RcppEigen/include/RcppEigen.h:25,
                 from RcppExports.cpp:4:
/home/trb5me_admin/R/x86_64-pc-linux-gnu-library/4.2/RcppEigen/include/Eigen/src/Core/util/XprHelper.h: In instantiation of ‘struct Eigen::internal::find_best_packet<float, 4>’:
/home/trb5me_admin/R/x86_64-pc-linux-gnu-library/4.2/RcppEigen/include/Eigen/src/Core/Matrix.h:22:57:   required from ‘struct Eigen::internal::traits<Eigen::Matrix<float, 4, 1> >’
/home/trb5me_admin/R/x86_64-pc-linux-gnu-library/4.2/RcppEigen/include/Eigen/src/Geometry/Quaternion.h:242:7:   required from ‘struct Eigen::internal::traits<Eigen::Quaternion<float> >’
/home/trb5me_admin/R/x86_64-pc-linux-gnu-library/4.2/RcppEigen/include/Eigen/src/Geometry/arch/Geometry_SSE.h:24:46:   required from here
/home/trb5me_admin/R/x86_64-pc-linux-gnu-library/4.2/RcppEigen/include/Eigen/src/Core/util/XprHelper.h:187:44: warning: ignoring attributes on template argument ‘Eigen::internal::packet_traits<float>::type’ {aka ‘__vector(4) float’} [-Wignored-attributes]
  187 |          bool Stop = Size==Dynamic || (Size%unpacket_traits<PacketType>::size)==0 || is_same<PacketType,typename unpacket_traits<PacketType>::half>::value>
      |                                       ~~~~~^~~~~~~~~~~~~~~~~~~~~~~~~~~~~~~~~~~
/home/trb5me_admin/R/x86_64-pc-linux-gnu-library/4.2/RcppEigen/include/Eigen/src/Core/util/XprHelper.h:187:83: warning: ignoring attributes on template argument ‘Eigen::internal::packet_traits<float>::type’ {aka ‘__vector(4) float’} [-Wignored-attributes]
  187 |          bool Stop = Size==Dynamic || (Size%unpacket_traits<PacketType>::size)==0 || is_same<PacketType,typename unpacket_traits<PacketType>::half>::value>
      |                      ~~~~~~~~~~~~~~~~~~~~~~~~~~~~~~~~~~~~~~~~~~~~~~~~~~~~~~~~~~~~~^~~~~~~~~~~~~~~~~~~~~~~~~~~~~~~~~~~~~~~~~~~~~~~~~~~~~~~~~~~~~~~~~~~~~~~~
/home/trb5me_admin/R/x86_64-pc-linux-gnu-library/4.2/RcppEigen/include/Eigen/src/Core/util/XprHelper.h:187:83: warning: ignoring attributes on template argument ‘Eigen::internal::packet_traits<float>::type’ {aka ‘__vector(4) float’} [-Wignored-attributes]
/home/trb5me_admin/R/x86_64-pc-linux-gnu-library/4.2/RcppEigen/include/Eigen/src/Core/util/XprHelper.h:187:83: warning: ignoring attributes on template argument ‘Eigen::internal::unpacket_traits<__vector(4) float>::half’ {aka ‘__vector(4) float’} [-Wignored-attributes]
/home/trb5me_admin/R/x86_64-pc-linux-gnu-library/4.2/RcppEigen/include/Eigen/src/Core/util/XprHelper.h:205:88: warning: ignoring attributes on template argument ‘Eigen::internal::packet_traits<float>::type’ {aka ‘__vector(4) float’} [-Wignored-attributes]
  205 |   typedef typename find_best_packet_helper<Size,typename packet_traits<T>::type>::type type;
      |                                                                                        ^~~~
In file included from /home/trb5me_admin/R/x86_64-pc-linux-gnu-library/4.2/RcppEigen/include/Eigen/Core:439,
                 from /home/trb5me_admin/R/x86_64-pc-linux-gnu-library/4.2/RcppEigen/include/Eigen/Dense:1,
                 from /home/trb5me_admin/R/x86_64-pc-linux-gnu-library/4.2/RcppEigen/include/RcppEigenForward.h:30,
                 from /home/trb5me_admin/R/x86_64-pc-linux-gnu-library/4.2/RcppEigen/include/RcppEigen.h:25,
                 from RcppExports.cpp:4:
/home/trb5me_admin/R/x86_64-pc-linux-gnu-library/4.2/RcppEigen/include/Eigen/src/Core/DenseCoeffsBase.h: In instantiation of ‘class Eigen::DenseCoeffsBase<Eigen::Matrix<float, 4, 1>, 0>’:
/home/trb5me_admin/R/x86_64-pc-linux-gnu-library/4.2/RcppEigen/include/Eigen/src/Core/DenseCoeffsBase.h:300:7:   required from ‘class Eigen::DenseCoeffsBase<Eigen::Matrix<float, 4, 1>, 1>’
/home/trb5me_admin/R/x86_64-pc-linux-gnu-library/4.2/RcppEigen/include/Eigen/src/Core/DenseCoeffsBase.h:551:7:   required from ‘class Eigen::DenseCoeffsBase<Eigen::Matrix<float, 4, 1>, 3>’
/home/trb5me_admin/R/x86_64-pc-linux-gnu-library/4.2/RcppEigen/include/Eigen/src/Core/DenseBase.h:41:34:   required from ‘class Eigen::DenseBase<Eigen::Matrix<float, 4, 1> >’
/home/trb5me_admin/R/x86_64-pc-linux-gnu-library/4.2/RcppEigen/include/Eigen/src/Core/MatrixBase.h:48:34:   required from ‘class Eigen::MatrixBase<Eigen::Matrix<float, 4, 1> >’
/home/trb5me_admin/R/x86_64-pc-linux-gnu-library/4.2/RcppEigen/include/Eigen/src/Core/PlainObjectBase.h:98:7:   required from ‘class Eigen::PlainObjectBase<Eigen::Matrix<float, 4, 1> >’
/home/trb5me_admin/R/x86_64-pc-linux-gnu-library/4.2/RcppEigen/include/Eigen/src/Core/Matrix.h:178:7:   required from ‘class Eigen::Matrix<float, 4, 1>’
/home/trb5me_admin/R/x86_64-pc-linux-gnu-library/4.2/RcppEigen/include/Eigen/src/Geometry/Quaternion.h:46:50:   required from ‘class Eigen::QuaternionBase<Eigen::Quaternion<float> >’
/home/trb5me_admin/R/x86_64-pc-linux-gnu-library/4.2/RcppEigen/include/Eigen/src/Geometry/Quaternion.h:250:7:   required from ‘class Eigen::Quaternion<float>’
/home/trb5me_admin/R/x86_64-pc-linux-gnu-library/4.2/RcppEigen/include/Eigen/src/Geometry/arch/Geometry_SSE.h:27:3:   required from here
/home/trb5me_admin/R/x86_64-pc-linux-gnu-library/4.2/RcppEigen/include/Eigen/src/Core/DenseCoeffsBase.h:55:30: warning: ignoring attributes on template argument ‘Eigen::internal::packet_traits<float>::type’ {aka ‘__vector(4) float’} [-Wignored-attributes]
   55 |                      >::type PacketReturnType;
      |                              ^~~~~~~~~~~~~~~~
In file included from /home/trb5me_admin/R/x86_64-pc-linux-gnu-library/4.2/RcppEigen/include/Eigen/Core:370,
                 from /home/trb5me_admin/R/x86_64-pc-linux-gnu-library/4.2/RcppEigen/include/Eigen/Dense:1,
                 from /home/trb5me_admin/R/x86_64-pc-linux-gnu-library/4.2/RcppEigen/include/RcppEigenForward.h:30,
                 from /home/trb5me_admin/R/x86_64-pc-linux-gnu-library/4.2/RcppEigen/include/RcppEigen.h:25,
                 from RcppExports.cpp:4:
/home/trb5me_admin/R/x86_64-pc-linux-gnu-library/4.2/RcppEigen/include/Eigen/src/Core/util/XprHelper.h: In instantiation of ‘struct Eigen::internal::find_best_packet<double, 4>’:
/home/trb5me_admin/R/x86_64-pc-linux-gnu-library/4.2/RcppEigen/include/Eigen/src/Core/Matrix.h:22:57:   required from ‘struct Eigen::internal::traits<Eigen::Matrix<double, 4, 1> >’
/home/trb5me_admin/R/x86_64-pc-linux-gnu-library/4.2/RcppEigen/include/Eigen/src/Geometry/Quaternion.h:242:7:   required from ‘struct Eigen::internal::traits<Eigen::Quaternion<double> >’
/home/trb5me_admin/R/x86_64-pc-linux-gnu-library/4.2/RcppEigen/include/Eigen/src/Geometry/arch/Geometry_SSE.h:88:47:   required from here
/home/trb5me_admin/R/x86_64-pc-linux-gnu-library/4.2/RcppEigen/include/Eigen/src/Core/util/XprHelper.h:187:44: warning: ignoring attributes on template argument ‘Eigen::internal::packet_traits<double>::type’ {aka ‘__vector(2) double’} [-Wignored-attributes]
  187 |          bool Stop = Size==Dynamic || (Size%unpacket_traits<PacketType>::size)==0 || is_same<PacketType,typename unpacket_traits<PacketType>::half>::value>
      |                                       ~~~~~^~~~~~~~~~~~~~~~~~~~~~~~~~~~~~~~~~~
/home/trb5me_admin/R/x86_64-pc-linux-gnu-library/4.2/RcppEigen/include/Eigen/src/Core/util/XprHelper.h:187:83: warning: ignoring attributes on template argument ‘Eigen::internal::packet_traits<double>::type’ {aka ‘__vector(2) double’} [-Wignored-attributes]
  187 |          bool Stop = Size==Dynamic || (Size%unpacket_traits<PacketType>::size)==0 || is_same<PacketType,typename unpacket_traits<PacketType>::half>::value>
      |                      ~~~~~~~~~~~~~~~~~~~~~~~~~~~~~~~~~~~~~~~~~~~~~~~~~~~~~~~~~~~~~^~~~~~~~~~~~~~~~~~~~~~~~~~~~~~~~~~~~~~~~~~~~~~~~~~~~~~~~~~~~~~~~~~~~~~~~
/home/trb5me_admin/R/x86_64-pc-linux-gnu-library/4.2/RcppEigen/include/Eigen/src/Core/util/XprHelper.h:187:83: warning: ignoring attributes on template argument ‘Eigen::internal::packet_traits<double>::type’ {aka ‘__vector(2) double’} [-Wignored-attributes]
/home/trb5me_admin/R/x86_64-pc-linux-gnu-library/4.2/RcppEigen/include/Eigen/src/Core/util/XprHelper.h:187:83: warning: ignoring attributes on template argument ‘Eigen::internal::unpacket_traits<__vector(2) double>::half’ {aka ‘__vector(2) double’} [-Wignored-attributes]
/home/trb5me_admin/R/x86_64-pc-linux-gnu-library/4.2/RcppEigen/include/Eigen/src/Core/util/XprHelper.h:205:88: warning: ignoring attributes on template argument ‘Eigen::internal::packet_traits<double>::type’ {aka ‘__vector(2) double’} [-Wignored-attributes]
  205 |   typedef typename find_best_packet_helper<Size,typename packet_traits<T>::type>::type type;
      |                                                                                        ^~~~
In file included from /home/trb5me_admin/R/x86_64-pc-linux-gnu-library/4.2/RcppEigen/include/Eigen/Core:439,
                 from /home/trb5me_admin/R/x86_64-pc-linux-gnu-library/4.2/RcppEigen/include/Eigen/Dense:1,
                 from /home/trb5me_admin/R/x86_64-pc-linux-gnu-library/4.2/RcppEigen/include/RcppEigenForward.h:30,
                 from /home/trb5me_admin/R/x86_64-pc-linux-gnu-library/4.2/RcppEigen/include/RcppEigen.h:25,
                 from RcppExports.cpp:4:
/home/trb5me_admin/R/x86_64-pc-linux-gnu-library/4.2/RcppEigen/include/Eigen/src/Core/DenseCoeffsBase.h: In instantiation of ‘class Eigen::DenseCoeffsBase<Eigen::Matrix<double, 4, 1>, 0>’:
/home/trb5me_admin/R/x86_64-pc-linux-gnu-library/4.2/RcppEigen/include/Eigen/src/Core/DenseCoeffsBase.h:300:7:   required from ‘class Eigen::DenseCoeffsBase<Eigen::Matrix<double, 4, 1>, 1>’
/home/trb5me_admin/R/x86_64-pc-linux-gnu-library/4.2/RcppEigen/include/Eigen/src/Core/DenseCoeffsBase.h:551:7:   required from ‘class Eigen::DenseCoeffsBase<Eigen::Matrix<double, 4, 1>, 3>’
/home/trb5me_admin/R/x86_64-pc-linux-gnu-library/4.2/RcppEigen/include/Eigen/src/Core/DenseBase.h:41:34:   required from ‘class Eigen::DenseBase<Eigen::Matrix<double, 4, 1> >’
/home/trb5me_admin/R/x86_64-pc-linux-gnu-library/4.2/RcppEigen/include/Eigen/src/Core/MatrixBase.h:48:34:   required from ‘class Eigen::MatrixBase<Eigen::Matrix<double, 4, 1> >’
/home/trb5me_admin/R/x86_64-pc-linux-gnu-library/4.2/RcppEigen/include/Eigen/src/Core/PlainObjectBase.h:98:7:   required from ‘class Eigen::PlainObjectBase<Eigen::Matrix<double, 4, 1> >’
/home/trb5me_admin/R/x86_64-pc-linux-gnu-library/4.2/RcppEigen/include/Eigen/src/Core/Matrix.h:178:7:   required from ‘class Eigen::Matrix<double, 4, 1>’
/home/trb5me_admin/R/x86_64-pc-linux-gnu-library/4.2/RcppEigen/include/Eigen/src/Geometry/Quaternion.h:46:50:   required from ‘class Eigen::QuaternionBase<Eigen::Quaternion<double> >’
/home/trb5me_admin/R/x86_64-pc-linux-gnu-library/4.2/RcppEigen/include/Eigen/src/Geometry/Quaternion.h:250:7:   required from ‘class Eigen::Quaternion<double>’
/home/trb5me_admin/R/x86_64-pc-linux-gnu-library/4.2/RcppEigen/include/Eigen/src/Geometry/arch/Geometry_SSE.h:92:3:   required from here
/home/trb5me_admin/R/x86_64-pc-linux-gnu-library/4.2/RcppEigen/include/Eigen/src/Core/DenseCoeffsBase.h:55:30: warning: ignoring attributes on template argument ‘Eigen::internal::packet_traits<double>::type’ {aka ‘__vector(2) double’} [-Wignored-attributes]
   55 |                      >::type PacketReturnType;
      |                              ^~~~~~~~~~~~~~~~
In file included from /home/trb5me_admin/R/x86_64-pc-linux-gnu-library/4.2/RcppEigen/include/Eigen/SparseCore:37,
                 from /home/trb5me_admin/R/x86_64-pc-linux-gnu-library/4.2/RcppEigen/include/Eigen/Sparse:26,
                 from /home/trb5me_admin/R/x86_64-pc-linux-gnu-library/4.2/RcppEigen/include/RcppEigenForward.h:31,
                 from /home/trb5me_admin/R/x86_64-pc-linux-gnu-library/4.2/RcppEigen/include/RcppEigen.h:25,
                 from RcppExports.cpp:4:
/home/trb5me_admin/R/x86_64-pc-linux-gnu-library/4.2/RcppEigen/include/Eigen/src/SparseCore/SparseMatrixBase.h: In instantiation of ‘class Eigen::SparseMatrixBase<Eigen::SparseMatrix<double, 0, int> >’:
/home/trb5me_admin/R/x86_64-pc-linux-gnu-library/4.2/RcppEigen/include/Eigen/src/SparseCore/SparseCompressedBase.h:36:7:   required from ‘class Eigen::SparseCompressedBase<Eigen::SparseMatrix<double, 0, int> >’
/home/trb5me_admin/R/x86_64-pc-linux-gnu-library/4.2/RcppEigen/include/Eigen/src/SparseCore/SparseMatrix.h:96:7:   required from ‘class Eigen::SparseMatrix<double, 0, int>’
/home/trb5me_admin/R/x86_64-pc-linux-gnu-library/4.2/RcppEigen/include/unsupported/Eigen/src/IterativeSolvers/ConstrainedConjGrad.h:61:25:   required from here
/home/trb5me_admin/R/x86_64-pc-linux-gnu-library/4.2/RcppEigen/include/Eigen/src/SparseCore/SparseMatrixBase.h:47:30: warning: ignoring attributes on template argument ‘Eigen::internal::packet_traits<double>::type’ {aka ‘__vector(2) double’} [-Wignored-attributes]
   47 |                      >::type PacketReturnType;
      |                              ^~~~~~~~~~~~~~~~
In file included from /home/trb5me_admin/R/x86_64-pc-linux-gnu-library/4.2/RcppEigen/include/Eigen/Core:370,
                 from /home/trb5me_admin/R/x86_64-pc-linux-gnu-library/4.2/RcppEigen/include/Eigen/Dense:1,
                 from /home/trb5me_admin/R/x86_64-pc-linux-gnu-library/4.2/RcppEigen/include/RcppEigenForward.h:30,
                 from /home/trb5me_admin/R/x86_64-pc-linux-gnu-library/4.2/RcppEigen/include/RcppEigen.h:25,
                 from RcppExports.cpp:4:
/home/trb5me_admin/R/x86_64-pc-linux-gnu-library/4.2/RcppEigen/include/Eigen/src/Core/util/XprHelper.h: In instantiation of ‘struct Eigen::internal::find_best_packet<int, -1>’:
/home/trb5me_admin/R/x86_64-pc-linux-gnu-library/4.2/RcppEigen/include/Eigen/src/Core/Matrix.h:22:57:   required from ‘struct Eigen::internal::traits<Eigen::Matrix<int, -1, 1> >’
/home/trb5me_admin/R/x86_64-pc-linux-gnu-library/4.2/RcppEigen/include/Eigen/src/Core/PlainObjectBase.h:98:7:   required from ‘class Eigen::PlainObjectBase<Eigen::Matrix<int, -1, 1> >’
/home/trb5me_admin/R/x86_64-pc-linux-gnu-library/4.2/RcppEigen/include/Eigen/src/Core/Matrix.h:178:7:   required from ‘class Eigen::Matrix<int, -1, 1>’
/home/trb5me_admin/R/x86_64-pc-linux-gnu-library/4.2/RcppEigen/include/unsupported/Eigen/src/KroneckerProduct/KroneckerTensorProduct.h:168:29:   required from here
/home/trb5me_admin/R/x86_64-pc-linux-gnu-library/4.2/RcppEigen/include/Eigen/src/Core/util/XprHelper.h:187:44: warning: ignoring attributes on template argument ‘Eigen::internal::packet_traits<int>::type’ {aka ‘__vector(2) long long int’} [-Wignored-attributes]
  187 |          bool Stop = Size==Dynamic || (Size%unpacket_traits<PacketType>::size)==0 || is_same<PacketType,typename unpacket_traits<PacketType>::half>::value>
      |                                       ~~~~~^~~~~~~~~~~~~~~~~~~~~~~~~~~~~~~~~~~
/home/trb5me_admin/R/x86_64-pc-linux-gnu-library/4.2/RcppEigen/include/Eigen/src/Core/util/XprHelper.h:187:83: warning: ignoring attributes on template argument ‘Eigen::internal::packet_traits<int>::type’ {aka ‘__vector(2) long long int’} [-Wignored-attributes]
  187 |          bool Stop = Size==Dynamic || (Size%unpacket_traits<PacketType>::size)==0 || is_same<PacketType,typename unpacket_traits<PacketType>::half>::value>
      |                      ~~~~~~~~~~~~~~~~~~~~~~~~~~~~~~~~~~~~~~~~~~~~~~~~~~~~~~~~~~~~~^~~~~~~~~~~~~~~~~~~~~~~~~~~~~~~~~~~~~~~~~~~~~~~~~~~~~~~~~~~~~~~~~~~~~~~~
/home/trb5me_admin/R/x86_64-pc-linux-gnu-library/4.2/RcppEigen/include/Eigen/src/Core/util/XprHelper.h:187:83: warning: ignoring attributes on template argument ‘Eigen::internal::packet_traits<int>::type’ {aka ‘__vector(2) long long int’} [-Wignored-attributes]
/home/trb5me_admin/R/x86_64-pc-linux-gnu-library/4.2/RcppEigen/include/Eigen/src/Core/util/XprHelper.h:187:83: warning: ignoring attributes on template argument ‘Eigen::internal::unpacket_traits<__vector(2) long long int>::half’ {aka ‘__vector(2) long long int’} [-Wignored-attributes]
/home/trb5me_admin/R/x86_64-pc-linux-gnu-library/4.2/RcppEigen/include/Eigen/src/Core/util/XprHelper.h:205:88: warning: ignoring attributes on template argument ‘Eigen::internal::packet_traits<int>::type’ {aka ‘__vector(2) long long int’} [-Wignored-attributes]
  205 |   typedef typename find_best_packet_helper<Size,typename packet_traits<T>::type>::type type;
      |                                                                                        ^~~~
In file included from /home/trb5me_admin/R/x86_64-pc-linux-gnu-library/4.2/RcppEigen/include/Eigen/Core:439,
                 from /home/trb5me_admin/R/x86_64-pc-linux-gnu-library/4.2/RcppEigen/include/Eigen/Dense:1,
                 from /home/trb5me_admin/R/x86_64-pc-linux-gnu-library/4.2/RcppEigen/include/RcppEigenForward.h:30,
                 from /home/trb5me_admin/R/x86_64-pc-linux-gnu-library/4.2/RcppEigen/include/RcppEigen.h:25,
                 from RcppExports.cpp:4:
/home/trb5me_admin/R/x86_64-pc-linux-gnu-library/4.2/RcppEigen/include/Eigen/src/Core/DenseCoeffsBase.h: In instantiation of ‘class Eigen::DenseCoeffsBase<Eigen::Matrix<int, -1, 1>, 0>’:
/home/trb5me_admin/R/x86_64-pc-linux-gnu-library/4.2/RcppEigen/include/Eigen/src/Core/DenseCoeffsBase.h:300:7:   required from ‘class Eigen::DenseCoeffsBase<Eigen::Matrix<int, -1, 1>, 1>’
/home/trb5me_admin/R/x86_64-pc-linux-gnu-library/4.2/RcppEigen/include/Eigen/src/Core/DenseCoeffsBase.h:551:7:   required from ‘class Eigen::DenseCoeffsBase<Eigen::Matrix<int, -1, 1>, 3>’
/home/trb5me_admin/R/x86_64-pc-linux-gnu-library/4.2/RcppEigen/include/Eigen/src/Core/DenseBase.h:41:34:   required from ‘class Eigen::DenseBase<Eigen::Matrix<int, -1, 1> >’
/home/trb5me_admin/R/x86_64-pc-linux-gnu-library/4.2/RcppEigen/include/Eigen/src/Core/MatrixBase.h:48:34:   required from ‘class Eigen::MatrixBase<Eigen::Matrix<int, -1, 1> >’
/home/trb5me_admin/R/x86_64-pc-linux-gnu-library/4.2/RcppEigen/include/Eigen/src/Core/PlainObjectBase.h:98:7:   required from ‘class Eigen::PlainObjectBase<Eigen::Matrix<int, -1, 1> >’
/home/trb5me_admin/R/x86_64-pc-linux-gnu-library/4.2/RcppEigen/include/Eigen/src/Core/Matrix.h:178:7:   required from ‘class Eigen::Matrix<int, -1, 1>’
/home/trb5me_admin/R/x86_64-pc-linux-gnu-library/4.2/RcppEigen/include/unsupported/Eigen/src/KroneckerProduct/KroneckerTensorProduct.h:168:29:   required from here
/home/trb5me_admin/R/x86_64-pc-linux-gnu-library/4.2/RcppEigen/include/Eigen/src/Core/DenseCoeffsBase.h:55:30: warning: ignoring attributes on template argument ‘Eigen::internal::packet_traits<int>::type’ {aka ‘__vector(2) long long int’} [-Wignored-attributes]
   55 |                      >::type PacketReturnType;
      |                              ^~~~~~~~~~~~~~~~
/home/trb5me_admin/R/x86_64-pc-linux-gnu-library/4.2/RcppEigen/include/Eigen/src/Core/DenseCoeffsBase.h: In instantiation of ‘class Eigen::DenseCoeffsBase<Eigen::Transpose<Eigen::Matrix<int, -1, 1> >, 0>’:
/home/trb5me_admin/R/x86_64-pc-linux-gnu-library/4.2/RcppEigen/include/Eigen/src/Core/DenseCoeffsBase.h:300:7:   required from ‘class Eigen::DenseCoeffsBase<Eigen::Transpose<Eigen::Matrix<int, -1, 1> >, 1>’
/home/trb5me_admin/R/x86_64-pc-linux-gnu-library/4.2/RcppEigen/include/Eigen/src/Core/DenseCoeffsBase.h:551:7:   required from ‘class Eigen::DenseCoeffsBase<Eigen::Transpose<Eigen::Matrix<int, -1, 1> >, 3>’
/home/trb5me_admin/R/x86_64-pc-linux-gnu-library/4.2/RcppEigen/include/Eigen/src/Core/DenseBase.h:41:34:   required from ‘class Eigen::DenseBase<Eigen::Transpose<Eigen::Matrix<int, -1, 1> > >’
/home/trb5me_admin/R/x86_64-pc-linux-gnu-library/4.2/RcppEigen/include/Eigen/src/Core/MatrixBase.h:48:34:   required from ‘class Eigen::MatrixBase<Eigen::Transpose<Eigen::Matrix<int, -1, 1> > >’
/home/trb5me_admin/R/x86_64-pc-linux-gnu-library/4.2/RcppEigen/include/Eigen/src/Core/Transpose.h:115:37:   required from ‘class Eigen::TransposeImpl<Eigen::Matrix<int, -1, 1>, Eigen::Dense>’
/home/trb5me_admin/R/x86_64-pc-linux-gnu-library/4.2/RcppEigen/include/Eigen/src/Core/Transpose.h:52:37:   required from ‘class Eigen::Transpose<Eigen::Matrix<int, -1, 1> >’
/home/trb5me_admin/R/x86_64-pc-linux-gnu-library/4.2/RcppEigen/include/unsupported/Eigen/src/KroneckerProduct/KroneckerTensorProduct.h:178:72:   required from here
/home/trb5me_admin/R/x86_64-pc-linux-gnu-library/4.2/RcppEigen/include/Eigen/src/Core/DenseCoeffsBase.h:55:30: warning: ignoring attributes on template argument ‘Eigen::internal::packet_traits<int>::type’ {aka ‘__vector(2) long long int’} [-Wignored-attributes]
/home/trb5me_admin/R/x86_64-pc-linux-gnu-library/4.2/RcppEigen/include/Eigen/src/Core/DenseCoeffsBase.h: In instantiation of ‘class Eigen::DenseCoeffsBase<Eigen::Matrix<int, -1, -1>, 0>’:
/home/trb5me_admin/R/x86_64-pc-linux-gnu-library/4.2/RcppEigen/include/Eigen/src/Core/DenseCoeffsBase.h:300:7:   required from ‘class Eigen::DenseCoeffsBase<Eigen::Matrix<int, -1, -1>, 1>’
/home/trb5me_admin/R/x86_64-pc-linux-gnu-library/4.2/RcppEigen/include/Eigen/src/Core/DenseCoeffsBase.h:551:7:   required from ‘class Eigen::DenseCoeffsBase<Eigen::Matrix<int, -1, -1>, 3>’
/home/trb5me_admin/R/x86_64-pc-linux-gnu-library/4.2/RcppEigen/include/Eigen/src/Core/DenseBase.h:41:34:   required from ‘class Eigen::DenseBase<Eigen::Matrix<int, -1, -1> >’
/home/trb5me_admin/R/x86_64-pc-linux-gnu-library/4.2/RcppEigen/include/Eigen/src/Core/MatrixBase.h:48:34:   required from ‘class Eigen::MatrixBase<Eigen::Matrix<int, -1, -1> >’
/home/trb5me_admin/R/x86_64-pc-linux-gnu-library/4.2/RcppEigen/include/Eigen/src/Core/PlainObjectBase.h:98:7:   required from ‘class Eigen::PlainObjectBase<Eigen::Matrix<int, -1, -1> >’
/home/trb5me_admin/R/x86_64-pc-linux-gnu-library/4.2/RcppEigen/include/Eigen/src/Core/Matrix.h:178:7:   required from ‘class Eigen::Matrix<int, -1, -1>’
/home/trb5me_admin/R/x86_64-pc-linux-gnu-library/4.2/RcppEigen/include/unsupported/Eigen/src/KroneckerProduct/KroneckerTensorProduct.h:179:36:   required from here
/home/trb5me_admin/R/x86_64-pc-linux-gnu-library/4.2/RcppEigen/include/Eigen/src/Core/DenseCoeffsBase.h:55:30: warning: ignoring attributes on template argument ‘Eigen::internal::packet_traits<int>::type’ {aka ‘__vector(2) long long int’} [-Wignored-attributes]
g++ -std=gnu++14 -shared -L/usr/lib/R/lib -Wl,-Bsymbolic-functions -Wl,-z,relro -o pfr.so RcppExports.o svol_leverage.o svol_leverage_export.o -L/usr/lib/R/lib -lR
installing to /home/trb5me_admin/pfr/..Rcheck/00LOCK-pfr/00new/pfr/libs
** help
Warning: pfr-package.Rd:27: All text must be in a section
Warning: pfr-package.Rd:28: All text must be in a section
*** installing help indices
** building package indices
** testing if installed package can be loaded from temporary location
** checking absolute paths in shared objects and dynamic libraries
** testing if installed package can be loaded from final location
** testing if installed package keeps a record of temporary installation path
* DONE (pfr)
